C:\COCOS2D-X-3.2\COCOS2D-X-3.2\RGAME\PROJ.WIN32\DEBUG.WIN32\LIBCOCOS2D.LIB
C:\cocos2d-x-3.2\cocos2d-x-3.2\rgame\cocos2d\cocos\2d\Debug.win32\atitc.obj
C:\cocos2d-x-3.2\cocos2d-x-3.2\rgame\cocos2d\cocos\2d\Debug.win32\base64.obj
C:\cocos2d-x-3.2\cocos2d-x-3.2\rgame\cocos2d\cocos\2d\Debug.win32\CCAction.obj
C:\cocos2d-x-3.2\cocos2d-x-3.2\rgame\cocos2d\cocos\2d\Debug.win32\CCActionCamera.obj
C:\cocos2d-x-3.2\cocos2d-x-3.2\rgame\cocos2d\cocos\2d\Debug.win32\CCActionCatmullRom.obj
C:\cocos2d-x-3.2\cocos2d-x-3.2\rgame\cocos2d\cocos\2d\Debug.win32\CCActionEase.obj
C:\cocos2d-x-3.2\cocos2d-x-3.2\rgame\cocos2d\cocos\2d\Debug.win32\CCActionGrid.obj
C:\cocos2d-x-3.2\cocos2d-x-3.2\rgame\cocos2d\cocos\2d\Debug.win32\CCActionGrid3D.obj
C:\cocos2d-x-3.2\cocos2d-x-3.2\rgame\cocos2d\cocos\2d\Debug.win32\CCActionInstant.obj
C:\cocos2d-x-3.2\cocos2d-x-3.2\rgame\cocos2d\cocos\2d\Debug.win32\CCActionInterval.obj
C:\cocos2d-x-3.2\cocos2d-x-3.2\rgame\cocos2d\cocos\2d\Debug.win32\CCActionManager.obj
C:\cocos2d-x-3.2\cocos2d-x-3.2\rgame\cocos2d\cocos\2d\Debug.win32\CCActionPageTurn3D.obj
C:\cocos2d-x-3.2\cocos2d-x-3.2\rgame\cocos2d\cocos\2d\Debug.win32\CCActionProgressTimer.obj
C:\cocos2d-x-3.2\cocos2d-x-3.2\rgame\cocos2d\cocos\2d\Debug.win32\CCActionTiledGrid.obj
C:\cocos2d-x-3.2\cocos2d-x-3.2\rgame\cocos2d\cocos\2d\Debug.win32\CCActionTween.obj
C:\cocos2d-x-3.2\cocos2d-x-3.2\rgame\cocos2d\cocos\2d\Debug.win32\CCAffineTransform.obj
C:\cocos2d-x-3.2\cocos2d-x-3.2\rgame\cocos2d\cocos\2d\Debug.win32\CCAnimate3D.obj
C:\cocos2d-x-3.2\cocos2d-x-3.2\rgame\cocos2d\cocos\2d\Debug.win32\CCAnimation.obj
C:\cocos2d-x-3.2\cocos2d-x-3.2\rgame\cocos2d\cocos\2d\Debug.win32\CCAnimation3D.obj
C:\cocos2d-x-3.2\cocos2d-x-3.2\rgame\cocos2d\cocos\2d\Debug.win32\CCAnimationCache.obj
C:\cocos2d-x-3.2\cocos2d-x-3.2\rgame\cocos2d\cocos\2d\Debug.win32\CCApplication.obj
C:\cocos2d-x-3.2\cocos2d-x-3.2\rgame\cocos2d\cocos\2d\Debug.win32\CCArray.obj
C:\cocos2d-x-3.2\cocos2d-x-3.2\rgame\cocos2d\cocos\2d\Debug.win32\CCAtlasNode.obj
C:\cocos2d-x-3.2\cocos2d-x-3.2\rgame\cocos2d\cocos\2d\Debug.win32\CCAutoreleasePool.obj
C:\cocos2d-x-3.2\cocos2d-x-3.2\rgame\cocos2d\cocos\2d\Debug.win32\CCBatchCommand.obj
C:\cocos2d-x-3.2\cocos2d-x-3.2\rgame\cocos2d\cocos\2d\Debug.win32\CCBundle3D.obj
C:\cocos2d-x-3.2\cocos2d-x-3.2\rgame\cocos2d\cocos\2d\Debug.win32\CCBundleReader.obj
C:\cocos2d-x-3.2\cocos2d-x-3.2\rgame\cocos2d\cocos\2d\Debug.win32\ccCArray.obj
C:\cocos2d-x-3.2\cocos2d-x-3.2\rgame\cocos2d\cocos\2d\Debug.win32\CCClippingNode.obj
C:\cocos2d-x-3.2\cocos2d-x-3.2\rgame\cocos2d\cocos\2d\Debug.win32\CCCommon.obj
C:\cocos2d-x-3.2\cocos2d-x-3.2\rgame\cocos2d\cocos\2d\Debug.win32\CCComponent.obj
C:\cocos2d-x-3.2\cocos2d-x-3.2\rgame\cocos2d\cocos\2d\Debug.win32\CCComponentContainer.obj
C:\cocos2d-x-3.2\cocos2d-x-3.2\rgame\cocos2d\cocos\2d\Debug.win32\CCConfiguration.obj
C:\cocos2d-x-3.2\cocos2d-x-3.2\rgame\cocos2d\cocos\2d\Debug.win32\CCConsole.obj
C:\cocos2d-x-3.2\cocos2d-x-3.2\rgame\cocos2d\cocos\2d\Debug.win32\CCCustomCommand.obj
C:\cocos2d-x-3.2\cocos2d-x-3.2\rgame\cocos2d\cocos\2d\Debug.win32\CCData.obj
C:\cocos2d-x-3.2\cocos2d-x-3.2\rgame\cocos2d\cocos\2d\Debug.win32\CCDataVisitor.obj
C:\cocos2d-x-3.2\cocos2d-x-3.2\rgame\cocos2d\cocos\2d\Debug.win32\CCDeprecated.obj
C:\cocos2d-x-3.2\cocos2d-x-3.2\rgame\cocos2d\cocos\2d\Debug.win32\CCDevice.obj
C:\cocos2d-x-3.2\cocos2d-x-3.2\rgame\cocos2d\cocos\2d\Debug.win32\CCDictionary.obj
C:\cocos2d-x-3.2\cocos2d-x-3.2\rgame\cocos2d\cocos\2d\Debug.win32\CCDirector.obj
C:\cocos2d-x-3.2\cocos2d-x-3.2\rgame\cocos2d\cocos\2d\Debug.win32\CCDrawingPrimitives.obj
C:\cocos2d-x-3.2\cocos2d-x-3.2\rgame\cocos2d\cocos\2d\Debug.win32\CCDrawNode.obj
C:\cocos2d-x-3.2\cocos2d-x-3.2\rgame\cocos2d\cocos\2d\Debug.win32\CCEvent.obj
C:\cocos2d-x-3.2\cocos2d-x-3.2\rgame\cocos2d\cocos\2d\Debug.win32\CCEventAcceleration.obj
C:\cocos2d-x-3.2\cocos2d-x-3.2\rgame\cocos2d\cocos\2d\Debug.win32\CCEventCustom.obj
C:\cocos2d-x-3.2\cocos2d-x-3.2\rgame\cocos2d\cocos\2d\Debug.win32\CCEventDispatcher.obj
C:\cocos2d-x-3.2\cocos2d-x-3.2\rgame\cocos2d\cocos\2d\Debug.win32\CCEventFocus.obj
C:\cocos2d-x-3.2\cocos2d-x-3.2\rgame\cocos2d\cocos\2d\Debug.win32\CCEventKeyboard.obj
C:\cocos2d-x-3.2\cocos2d-x-3.2\rgame\cocos2d\cocos\2d\Debug.win32\CCEventListener.obj
C:\cocos2d-x-3.2\cocos2d-x-3.2\rgame\cocos2d\cocos\2d\Debug.win32\CCEventListenerAcceleration.obj
C:\cocos2d-x-3.2\cocos2d-x-3.2\rgame\cocos2d\cocos\2d\Debug.win32\CCEventListenerCustom.obj
C:\cocos2d-x-3.2\cocos2d-x-3.2\rgame\cocos2d\cocos\2d\Debug.win32\CCEventListenerFocus.obj
C:\cocos2d-x-3.2\cocos2d-x-3.2\rgame\cocos2d\cocos\2d\Debug.win32\CCEventListenerKeyboard.obj
C:\cocos2d-x-3.2\cocos2d-x-3.2\rgame\cocos2d\cocos\2d\Debug.win32\CCEventListenerMouse.obj
C:\cocos2d-x-3.2\cocos2d-x-3.2\rgame\cocos2d\cocos\2d\Debug.win32\CCEventListenerTouch.obj
C:\cocos2d-x-3.2\cocos2d-x-3.2\rgame\cocos2d\cocos\2d\Debug.win32\CCEventMouse.obj
C:\cocos2d-x-3.2\cocos2d-x-3.2\rgame\cocos2d\cocos\2d\Debug.win32\CCEventTouch.obj
C:\cocos2d-x-3.2\cocos2d-x-3.2\rgame\cocos2d\cocos\2d\Debug.win32\CCFastTMXLayer.obj
C:\cocos2d-x-3.2\cocos2d-x-3.2\rgame\cocos2d\cocos\2d\Debug.win32\CCFastTMXTiledMap.obj
C:\cocos2d-x-3.2\cocos2d-x-3.2\rgame\cocos2d\cocos\2d\Debug.win32\CCFileUtils.obj
C:\cocos2d-x-3.2\cocos2d-x-3.2\rgame\cocos2d\cocos\2d\Debug.win32\CCFileUtilsWin32.obj
C:\cocos2d-x-3.2\cocos2d-x-3.2\rgame\cocos2d\cocos\2d\Debug.win32\CCFont.obj
C:\cocos2d-x-3.2\cocos2d-x-3.2\rgame\cocos2d\cocos\2d\Debug.win32\CCFontAtlas.obj
C:\cocos2d-x-3.2\cocos2d-x-3.2\rgame\cocos2d\cocos\2d\Debug.win32\CCFontAtlasCache.obj
C:\cocos2d-x-3.2\cocos2d-x-3.2\rgame\cocos2d\cocos\2d\Debug.win32\CCFontCharMap.obj
C:\cocos2d-x-3.2\cocos2d-x-3.2\rgame\cocos2d\cocos\2d\Debug.win32\CCFontFNT.obj
C:\cocos2d-x-3.2\cocos2d-x-3.2\rgame\cocos2d\cocos\2d\Debug.win32\CCFontFreeType.obj
C:\cocos2d-x-3.2\cocos2d-x-3.2\rgame\cocos2d\cocos\2d\Debug.win32\ccFPSImages.obj
C:\cocos2d-x-3.2\cocos2d-x-3.2\rgame\cocos2d\cocos\2d\Debug.win32\CCGeometry.obj
C:\cocos2d-x-3.2\cocos2d-x-3.2\rgame\cocos2d\cocos\2d\Debug.win32\CCGLBufferedNode.obj
C:\cocos2d-x-3.2\cocos2d-x-3.2\rgame\cocos2d\cocos\2d\Debug.win32\CCGLProgram.obj
C:\cocos2d-x-3.2\cocos2d-x-3.2\rgame\cocos2d\cocos\2d\Debug.win32\CCGLProgramCache.obj
C:\cocos2d-x-3.2\cocos2d-x-3.2\rgame\cocos2d\cocos\2d\Debug.win32\CCGLProgramState.obj
C:\cocos2d-x-3.2\cocos2d-x-3.2\rgame\cocos2d\cocos\2d\Debug.win32\CCGLProgramStateCache.obj
C:\cocos2d-x-3.2\cocos2d-x-3.2\rgame\cocos2d\cocos\2d\Debug.win32\ccGLStateCache.obj
C:\cocos2d-x-3.2\cocos2d-x-3.2\rgame\cocos2d\cocos\2d\Debug.win32\CCGLView.obj
C:\cocos2d-x-3.2\cocos2d-x-3.2\rgame\cocos2d\cocos\2d\Debug.win32\CCGLViewProtocol.obj
C:\cocos2d-x-3.2\cocos2d-x-3.2\rgame\cocos2d\cocos\2d\Debug.win32\CCGrabber.obj
C:\cocos2d-x-3.2\cocos2d-x-3.2\rgame\cocos2d\cocos\2d\Debug.win32\CCGrid.obj
C:\cocos2d-x-3.2\cocos2d-x-3.2\rgame\cocos2d\cocos\2d\Debug.win32\CCGroupCommand.obj
C:\cocos2d-x-3.2\cocos2d-x-3.2\rgame\cocos2d\cocos\2d\Debug.win32\CCImage.obj
C:\cocos2d-x-3.2\cocos2d-x-3.2\rgame\cocos2d\cocos\2d\Debug.win32\CCIMEDispatcher.obj
C:\cocos2d-x-3.2\cocos2d-x-3.2\rgame\cocos2d\cocos\2d\Debug.win32\CCLabel.obj
C:\cocos2d-x-3.2\cocos2d-x-3.2\rgame\cocos2d\cocos\2d\Debug.win32\CCLabelAtlas.obj
C:\cocos2d-x-3.2\cocos2d-x-3.2\rgame\cocos2d\cocos\2d\Debug.win32\CCLabelBMFont.obj
C:\cocos2d-x-3.2\cocos2d-x-3.2\rgame\cocos2d\cocos\2d\Debug.win32\CCLabelTextFormatter.obj
C:\cocos2d-x-3.2\cocos2d-x-3.2\rgame\cocos2d\cocos\2d\Debug.win32\CCLabelTTF.obj
C:\cocos2d-x-3.2\cocos2d-x-3.2\rgame\cocos2d\cocos\2d\Debug.win32\CCLayer.obj
C:\cocos2d-x-3.2\cocos2d-x-3.2\rgame\cocos2d\cocos\2d\Debug.win32\CCMenu.obj
C:\cocos2d-x-3.2\cocos2d-x-3.2\rgame\cocos2d\cocos\2d\Debug.win32\CCMenuItem.obj
C:\cocos2d-x-3.2\cocos2d-x-3.2\rgame\cocos2d\cocos\2d\Debug.win32\CCMesh.obj
C:\cocos2d-x-3.2\cocos2d-x-3.2\rgame\cocos2d\cocos\2d\Debug.win32\CCMeshCommand.obj
C:\cocos2d-x-3.2\cocos2d-x-3.2\rgame\cocos2d\cocos\2d\Debug.win32\CCMeshSkin.obj
C:\cocos2d-x-3.2\cocos2d-x-3.2\rgame\cocos2d\cocos\2d\Debug.win32\CCMotionStreak.obj
C:\cocos2d-x-3.2\cocos2d-x-3.2\rgame\cocos2d\cocos\2d\Debug.win32\CCNode.obj
C:\cocos2d-x-3.2\cocos2d-x-3.2\rgame\cocos2d\cocos\2d\Debug.win32\CCNodeGrid.obj
C:\cocos2d-x-3.2\cocos2d-x-3.2\rgame\cocos2d\cocos\2d\Debug.win32\CCNotificationCenter.obj
C:\cocos2d-x-3.2\cocos2d-x-3.2\rgame\cocos2d\cocos\2d\Debug.win32\CCNS.obj
C:\cocos2d-x-3.2\cocos2d-x-3.2\rgame\cocos2d\cocos\2d\Debug.win32\CCObjLoader.obj
C:\cocos2d-x-3.2\cocos2d-x-3.2\rgame\cocos2d\cocos\2d\Debug.win32\CCParallaxNode.obj
C:\cocos2d-x-3.2\cocos2d-x-3.2\rgame\cocos2d\cocos\2d\Debug.win32\CCParticleBatchNode.obj
C:\cocos2d-x-3.2\cocos2d-x-3.2\rgame\cocos2d\cocos\2d\Debug.win32\CCParticleExamples.obj
C:\cocos2d-x-3.2\cocos2d-x-3.2\rgame\cocos2d\cocos\2d\Debug.win32\CCParticleSystem.obj
C:\cocos2d-x-3.2\cocos2d-x-3.2\rgame\cocos2d\cocos\2d\Debug.win32\CCParticleSystemQuad.obj
C:\cocos2d-x-3.2\cocos2d-x-3.2\rgame\cocos2d\cocos\2d\Debug.win32\CCPhysicsBody.obj
C:\cocos2d-x-3.2\cocos2d-x-3.2\rgame\cocos2d\cocos\2d\Debug.win32\CCPhysicsBodyInfo_chipmunk.obj
C:\cocos2d-x-3.2\cocos2d-x-3.2\rgame\cocos2d\cocos\2d\Debug.win32\CCPhysicsContact.obj
C:\cocos2d-x-3.2\cocos2d-x-3.2\rgame\cocos2d\cocos\2d\Debug.win32\CCPhysicsContactInfo_chipmunk.obj
C:\cocos2d-x-3.2\cocos2d-x-3.2\rgame\cocos2d\cocos\2d\Debug.win32\CCPhysicsJoint.obj
C:\cocos2d-x-3.2\cocos2d-x-3.2\rgame\cocos2d\cocos\2d\Debug.win32\CCPhysicsJointInfo_chipmunk.obj
C:\cocos2d-x-3.2\cocos2d-x-3.2\rgame\cocos2d\cocos\2d\Debug.win32\CCPhysicsShape.obj
C:\cocos2d-x-3.2\cocos2d-x-3.2\rgame\cocos2d\cocos\2d\Debug.win32\CCPhysicsShapeInfo_chipmunk.obj
C:\cocos2d-x-3.2\cocos2d-x-3.2\rgame\cocos2d\cocos\2d\Debug.win32\CCPhysicsWorld.obj
C:\cocos2d-x-3.2\cocos2d-x-3.2\rgame\cocos2d\cocos\2d\Debug.win32\CCPhysicsWorldInfo_chipmunk.obj
C:\cocos2d-x-3.2\cocos2d-x-3.2\rgame\cocos2d\cocos\2d\Debug.win32\CCProfiling.obj
C:\cocos2d-x-3.2\cocos2d-x-3.2\rgame\cocos2d\cocos\2d\Debug.win32\CCProgressTimer.obj
C:\cocos2d-x-3.2\cocos2d-x-3.2\rgame\cocos2d\cocos\2d\Debug.win32\CCQuadCommand.obj
C:\cocos2d-x-3.2\cocos2d-x-3.2\rgame\cocos2d\cocos\2d\Debug.win32\CCRef.obj
C:\cocos2d-x-3.2\cocos2d-x-3.2\rgame\cocos2d\cocos\2d\Debug.win32\CCRenderCommand.obj
C:\cocos2d-x-3.2\cocos2d-x-3.2\rgame\cocos2d\cocos\2d\Debug.win32\CCRenderer.obj
C:\cocos2d-x-3.2\cocos2d-x-3.2\rgame\cocos2d\cocos\2d\Debug.win32\CCRenderTexture.obj
C:\cocos2d-x-3.2\cocos2d-x-3.2\rgame\cocos2d\cocos\2d\Debug.win32\CCSAXParser.obj
C:\cocos2d-x-3.2\cocos2d-x-3.2\rgame\cocos2d\cocos\2d\Debug.win32\CCScene.obj
C:\cocos2d-x-3.2\cocos2d-x-3.2\rgame\cocos2d\cocos\2d\Debug.win32\CCScheduler.obj
C:\cocos2d-x-3.2\cocos2d-x-3.2\rgame\cocos2d\cocos\2d\Debug.win32\CCScriptSupport.obj
C:\cocos2d-x-3.2\cocos2d-x-3.2\rgame\cocos2d\cocos\2d\Debug.win32\CCSet.obj
C:\cocos2d-x-3.2\cocos2d-x-3.2\rgame\cocos2d\cocos\2d\Debug.win32\ccShaders.obj
C:\cocos2d-x-3.2\cocos2d-x-3.2\rgame\cocos2d\cocos\2d\Debug.win32\CCSprite.obj
C:\cocos2d-x-3.2\cocos2d-x-3.2\rgame\cocos2d\cocos\2d\Debug.win32\CCSprite3D.obj
C:\cocos2d-x-3.2\cocos2d-x-3.2\rgame\cocos2d\cocos\2d\Debug.win32\CCSprite3DMaterial.obj
C:\cocos2d-x-3.2\cocos2d-x-3.2\rgame\cocos2d\cocos\2d\Debug.win32\CCSpriteBatchNode.obj
C:\cocos2d-x-3.2\cocos2d-x-3.2\rgame\cocos2d\cocos\2d\Debug.win32\CCSpriteFrame.obj
C:\cocos2d-x-3.2\cocos2d-x-3.2\rgame\cocos2d\cocos\2d\Debug.win32\CCSpriteFrameCache.obj
C:\cocos2d-x-3.2\cocos2d-x-3.2\rgame\cocos2d\cocos\2d\Debug.win32\CCStdC.obj
C:\cocos2d-x-3.2\cocos2d-x-3.2\rgame\cocos2d\cocos\2d\Debug.win32\CCString.obj
C:\cocos2d-x-3.2\cocos2d-x-3.2\rgame\cocos2d\cocos\2d\Debug.win32\CCTextFieldTTF.obj
C:\cocos2d-x-3.2\cocos2d-x-3.2\rgame\cocos2d\cocos\2d\Debug.win32\CCTexture2D.obj
C:\cocos2d-x-3.2\cocos2d-x-3.2\rgame\cocos2d\cocos\2d\Debug.win32\CCTextureAtlas.obj
C:\cocos2d-x-3.2\cocos2d-x-3.2\rgame\cocos2d\cocos\2d\Debug.win32\CCTextureCache.obj
C:\cocos2d-x-3.2\cocos2d-x-3.2\rgame\cocos2d\cocos\2d\Debug.win32\CCThread.obj
C:\cocos2d-x-3.2\cocos2d-x-3.2\rgame\cocos2d\cocos\2d\Debug.win32\CCTileMapAtlas.obj
C:\cocos2d-x-3.2\cocos2d-x-3.2\rgame\cocos2d\cocos\2d\Debug.win32\CCTMXLayer.obj
C:\cocos2d-x-3.2\cocos2d-x-3.2\rgame\cocos2d\cocos\2d\Debug.win32\CCTMXObjectGroup.obj
C:\cocos2d-x-3.2\cocos2d-x-3.2\rgame\cocos2d\cocos\2d\Debug.win32\CCTMXTiledMap.obj
C:\cocos2d-x-3.2\cocos2d-x-3.2\rgame\cocos2d\cocos\2d\Debug.win32\CCTMXXMLParser.obj
C:\cocos2d-x-3.2\cocos2d-x-3.2\rgame\cocos2d\cocos\2d\Debug.win32\CCTouch.obj
C:\cocos2d-x-3.2\cocos2d-x-3.2\rgame\cocos2d\cocos\2d\Debug.win32\CCTransition.obj
C:\cocos2d-x-3.2\cocos2d-x-3.2\rgame\cocos2d\cocos\2d\Debug.win32\CCTransitionPageTurn.obj
C:\cocos2d-x-3.2\cocos2d-x-3.2\rgame\cocos2d\cocos\2d\Debug.win32\CCTransitionProgress.obj
C:\cocos2d-x-3.2\cocos2d-x-3.2\rgame\cocos2d\cocos\2d\Debug.win32\CCTweenFunction.obj
C:\cocos2d-x-3.2\cocos2d-x-3.2\rgame\cocos2d\cocos\2d\Debug.win32\ccTypes.obj
C:\cocos2d-x-3.2\cocos2d-x-3.2\rgame\cocos2d\cocos\2d\Debug.win32\CCUserDefault.obj
C:\cocos2d-x-3.2\cocos2d-x-3.2\rgame\cocos2d\cocos\2d\Debug.win32\ccUTF8.obj
C:\cocos2d-x-3.2\cocos2d-x-3.2\rgame\cocos2d\cocos\2d\Debug.win32\ccUtils.obj
C:\cocos2d-x-3.2\cocos2d-x-3.2\rgame\cocos2d\cocos\2d\Debug.win32\CCValue.obj
C:\cocos2d-x-3.2\cocos2d-x-3.2\rgame\cocos2d\cocos\2d\Debug.win32\CCVertex.obj
C:\cocos2d-x-3.2\cocos2d-x-3.2\rgame\cocos2d\cocos\2d\Debug.win32\cocos2d.obj
C:\cocos2d-x-3.2\cocos2d-x-3.2\rgame\cocos2d\cocos\2d\Debug.win32\ConvertUTF.obj
C:\cocos2d-x-3.2\cocos2d-x-3.2\rgame\cocos2d\cocos\2d\Debug.win32\ConvertUTFWrapper.obj
C:\cocos2d-x-3.2\cocos2d-x-3.2\rgame\cocos2d\cocos\2d\Debug.win32\edtaa3func.obj
C:\cocos2d-x-3.2\cocos2d-x-3.2\rgame\cocos2d\cocos\2d\Debug.win32\etc1.obj
C:\cocos2d-x-3.2\cocos2d-x-3.2\rgame\cocos2d\cocos\2d\Debug.win32\ioapi.obj
C:\cocos2d-x-3.2\cocos2d-x-3.2\rgame\cocos2d\cocos\2d\Debug.win32\Mat4.obj
C:\cocos2d-x-3.2\cocos2d-x-3.2\rgame\cocos2d\cocos\2d\Debug.win32\MathUtil.obj
C:\cocos2d-x-3.2\cocos2d-x-3.2\rgame\cocos2d\cocos\2d\Debug.win32\ObjectFactory.obj
C:\cocos2d-x-3.2\cocos2d-x-3.2\rgame\cocos2d\cocos\2d\Debug.win32\Quaternion.obj
C:\cocos2d-x-3.2\cocos2d-x-3.2\rgame\cocos2d\cocos\2d\Debug.win32\s3tc.obj
C:\cocos2d-x-3.2\cocos2d-x-3.2\rgame\cocos2d\cocos\2d\Debug.win32\TGAlib.obj
C:\cocos2d-x-3.2\cocos2d-x-3.2\rgame\cocos2d\cocos\2d\Debug.win32\tinyxml2.obj
C:\cocos2d-x-3.2\cocos2d-x-3.2\rgame\cocos2d\cocos\2d\Debug.win32\TransformUtils.obj
C:\cocos2d-x-3.2\cocos2d-x-3.2\rgame\cocos2d\cocos\2d\Debug.win32\unzip.obj
C:\cocos2d-x-3.2\cocos2d-x-3.2\rgame\cocos2d\cocos\2d\Debug.win32\Vec2.obj
C:\cocos2d-x-3.2\cocos2d-x-3.2\rgame\cocos2d\cocos\2d\Debug.win32\Vec3.obj
C:\cocos2d-x-3.2\cocos2d-x-3.2\rgame\cocos2d\cocos\2d\Debug.win32\Vec4.obj
C:\cocos2d-x-3.2\cocos2d-x-3.2\rgame\cocos2d\cocos\2d\Debug.win32\xxhash.obj
C:\cocos2d-x-3.2\cocos2d-x-3.2\rgame\cocos2d\cocos\2d\Debug.win32\ZipUtils.obj
C:\cocos2d-x-3.2\cocos2d-x-3.2\rgame\cocos2d\cocos\2d\Debug.win32\CL.1472.read.1.tlog
C:\cocos2d-x-3.2\cocos2d-x-3.2\rgame\cocos2d\cocos\2d\Debug.win32\CL.1472.write.1.tlog
C:\cocos2d-x-3.2\cocos2d-x-3.2\rgame\cocos2d\cocos\2d\Debug.win32\CL.1956.read.1.tlog
C:\cocos2d-x-3.2\cocos2d-x-3.2\rgame\cocos2d\cocos\2d\Debug.win32\CL.1956.write.1.tlog
C:\cocos2d-x-3.2\cocos2d-x-3.2\rgame\cocos2d\cocos\2d\Debug.win32\CL.3776.read.1.tlog
C:\cocos2d-x-3.2\cocos2d-x-3.2\rgame\cocos2d\cocos\2d\Debug.win32\CL.3776.write.1.tlog
C:\cocos2d-x-3.2\cocos2d-x-3.2\rgame\cocos2d\cocos\2d\Debug.win32\CL.4428.read.1.tlog
C:\cocos2d-x-3.2\cocos2d-x-3.2\rgame\cocos2d\cocos\2d\Debug.win32\CL.4428.write.1.tlog
C:\cocos2d-x-3.2\cocos2d-x-3.2\rgame\cocos2d\cocos\2d\Debug.win32\CL.5532.read.1.tlog
C:\cocos2d-x-3.2\cocos2d-x-3.2\rgame\cocos2d\cocos\2d\Debug.win32\CL.5532.write.1.tlog
C:\cocos2d-x-3.2\cocos2d-x-3.2\rgame\cocos2d\cocos\2d\Debug.win32\CL.6196.read.1.tlog
C:\cocos2d-x-3.2\cocos2d-x-3.2\rgame\cocos2d\cocos\2d\Debug.win32\CL.6196.write.1.tlog
C:\cocos2d-x-3.2\cocos2d-x-3.2\rgame\cocos2d\cocos\2d\Debug.win32\CL.7700.read.1.tlog
C:\cocos2d-x-3.2\cocos2d-x-3.2\rgame\cocos2d\cocos\2d\Debug.win32\CL.7700.write.1.tlog
C:\cocos2d-x-3.2\cocos2d-x-3.2\rgame\cocos2d\cocos\2d\Debug.win32\CL.7864.read.1.tlog
C:\cocos2d-x-3.2\cocos2d-x-3.2\rgame\cocos2d\cocos\2d\Debug.win32\CL.7864.write.1.tlog
C:\cocos2d-x-3.2\cocos2d-x-3.2\rgame\cocos2d\cocos\2d\Debug.win32\cl.command.1.tlog
C:\cocos2d-x-3.2\cocos2d-x-3.2\rgame\cocos2d\cocos\2d\Debug.win32\CL.read.1.tlog
C:\cocos2d-x-3.2\cocos2d-x-3.2\rgame\cocos2d\cocos\2d\Debug.win32\cl.write.1.tlog
C:\cocos2d-x-3.2\cocos2d-x-3.2\rgame\cocos2d\cocos\2d\Debug.win32\Lib-link.read.1.tlog
C:\cocos2d-x-3.2\cocos2d-x-3.2\rgame\cocos2d\cocos\2d\Debug.win32\Lib-link.write.1.tlog
C:\cocos2d-x-3.2\cocos2d-x-3.2\rgame\cocos2d\cocos\2d\Debug.win32\lib.command.1.tlog
C:\cocos2d-x-3.2\cocos2d-x-3.2\rgame\proj.win32\Debug.win32\libcocos2d.lib
