  AppDelegate.cpp
  data.cpp
  enemy.cpp
  GameMenuScene.cpp
  GameScene.cpp
  GB2ShapeCache-x.cpp
  HelloWorldScene.cpp
  loading.cpp
c:\cocos2d-x-3.9\rgame\cocos2d\cocos\base/ccUTF8.h : warning C4819: 현재 코드 페이지(949)에서 표시할 수 없는 문자가 파일에 들어 있습니다. 데이터가 손실되지 않게 하려면 해당 파일을 유니코드 형식으로 저장하십시오. (소스 파일 컴파일 중 ..\Classes\GB2ShapeCache-x.cpp)
c:\cocos2d-x-3.9\rgame\cocos2d\cocos\base/ccUTF8.h : warning C4819: 현재 코드 페이지(949)에서 표시할 수 없는 문자가 파일에 들어 있습니다. 데이터가 손실되지 않게 하려면 해당 파일을 유니코드 형식으로 저장하십시오. (소스 파일 컴파일 중 ..\Classes\HelloWorldScene.cpp)
c:\cocos2d-x-3.9\rgame\cocos2d\cocos\base/ccUTF8.h : warning C4819: 현재 코드 페이지(949)에서 표시할 수 없는 문자가 파일에 들어 있습니다. 데이터가 손실되지 않게 하려면 해당 파일을 유니코드 형식으로 저장하십시오. (소스 파일 컴파일 중 ..\Classes\enemy.cpp)
c:\cocos2d-x-3.9\rgame\cocos2d\cocos\base/ccUTF8.h : warning C4819: 현재 코드 페이지(949)에서 표시할 수 없는 문자가 파일에 들어 있습니다. 데이터가 손실되지 않게 하려면 해당 파일을 유니코드 형식으로 저장하십시오. (소스 파일 컴파일 중 ..\Classes\GameScene.cpp)
c:\cocos2d-x-3.9\rgame\cocos2d\cocos\base/ccUTF8.h : warning C4819: 현재 코드 페이지(949)에서 표시할 수 없는 문자가 파일에 들어 있습니다. 데이터가 손실되지 않게 하려면 해당 파일을 유니코드 형식으로 저장하십시오. (소스 파일 컴파일 중 ..\Classes\data.cpp)
c:\cocos2d-x-3.9\rgame\cocos2d\cocos\base/ccUTF8.h : warning C4819: 현재 코드 페이지(949)에서 표시할 수 없는 문자가 파일에 들어 있습니다. 데이터가 손실되지 않게 하려면 해당 파일을 유니코드 형식으로 저장하십시오. (소스 파일 컴파일 중 ..\Classes\loading.cpp)
c:\cocos2d-x-3.9\rgame\cocos2d\cocos\base/ccUTF8.h : warning C4819: 현재 코드 페이지(949)에서 표시할 수 없는 문자가 파일에 들어 있습니다. 데이터가 손실되지 않게 하려면 해당 파일을 유니코드 형식으로 저장하십시오. (소스 파일 컴파일 중 ..\Classes\GameMenuScene.cpp)
c:\cocos2d-x-3.9\rgame\cocos2d\cocos\base/ccUTF8.h : warning C4819: 현재 코드 페이지(949)에서 표시할 수 없는 문자가 파일에 들어 있습니다. 데이터가 손실되지 않게 하려면 해당 파일을 유니코드 형식으로 저장하십시오. (소스 파일 컴파일 중 ..\Classes\AppDelegate.cpp)
c:\cocos2d-x-3.9\rgame\cocos2d\cocos\physics/CCPhysicsBody.h : warning C4819: 현재 코드 페이지(949)에서 표시할 수 없는 문자가 파일에 들어 있습니다. 데이터가 손실되지 않게 하려면 해당 파일을 유니코드 형식으로 저장하십시오. (소스 파일 컴파일 중 ..\Classes\HelloWorldScene.cpp)
c:\cocos2d-x-3.9\rgame\cocos2d\cocos\physics/CCPhysicsShape.h : warning C4819: 현재 코드 페이지(949)에서 표시할 수 없는 문자가 파일에 들어 있습니다. 데이터가 손실되지 않게 하려면 해당 파일을 유니코드 형식으로 저장하십시오. (소스 파일 컴파일 중 ..\Classes\HelloWorldScene.cpp)
c:\cocos2d-x-3.9\rgame\cocos2d\cocos\physics/CCPhysicsBody.h : warning C4819: 현재 코드 페이지(949)에서 표시할 수 없는 문자가 파일에 들어 있습니다. 데이터가 손실되지 않게 하려면 해당 파일을 유니코드 형식으로 저장하십시오. (소스 파일 컴파일 중 ..\Classes\GB2ShapeCache-x.cpp)
c:\cocos2d-x-3.9\rgame\cocos2d\cocos\physics/CCPhysicsBody.h : warning C4819: 현재 코드 페이지(949)에서 표시할 수 없는 문자가 파일에 들어 있습니다. 데이터가 손실되지 않게 하려면 해당 파일을 유니코드 형식으로 저장하십시오. (소스 파일 컴파일 중 ..\Classes\enemy.cpp)
c:\cocos2d-x-3.9\rgame\cocos2d\cocos\physics/CCPhysicsShape.h : warning C4819: 현재 코드 페이지(949)에서 표시할 수 없는 문자가 파일에 들어 있습니다. 데이터가 손실되지 않게 하려면 해당 파일을 유니코드 형식으로 저장하십시오. (소스 파일 컴파일 중 ..\Classes\GB2ShapeCache-x.cpp)
c:\cocos2d-x-3.9\rgame\cocos2d\cocos\physics/CCPhysicsBody.h : warning C4819: 현재 코드 페이지(949)에서 표시할 수 없는 문자가 파일에 들어 있습니다. 데이터가 손실되지 않게 하려면 해당 파일을 유니코드 형식으로 저장하십시오. (소스 파일 컴파일 중 ..\Classes\loading.cpp)
c:\cocos2d-x-3.9\rgame\cocos2d\cocos\physics/CCPhysicsBody.h : warning C4819: 현재 코드 페이지(949)에서 표시할 수 없는 문자가 파일에 들어 있습니다. 데이터가 손실되지 않게 하려면 해당 파일을 유니코드 형식으로 저장하십시오. (소스 파일 컴파일 중 ..\Classes\data.cpp)
c:\cocos2d-x-3.9\rgame\cocos2d\cocos\physics/CCPhysicsShape.h : warning C4819: 현재 코드 페이지(949)에서 표시할 수 없는 문자가 파일에 들어 있습니다. 데이터가 손실되지 않게 하려면 해당 파일을 유니코드 형식으로 저장하십시오. (소스 파일 컴파일 중 ..\Classes\loading.cpp)
c:\cocos2d-x-3.9\rgame\cocos2d\cocos\physics/CCPhysicsShape.h : warning C4819: 현재 코드 페이지(949)에서 표시할 수 없는 문자가 파일에 들어 있습니다. 데이터가 손실되지 않게 하려면 해당 파일을 유니코드 형식으로 저장하십시오. (소스 파일 컴파일 중 ..\Classes\enemy.cpp)
c:\cocos2d-x-3.9\rgame\cocos2d\cocos\physics/CCPhysicsShape.h : warning C4819: 현재 코드 페이지(949)에서 표시할 수 없는 문자가 파일에 들어 있습니다. 데이터가 손실되지 않게 하려면 해당 파일을 유니코드 형식으로 저장하십시오. (소스 파일 컴파일 중 ..\Classes\data.cpp)
c:\cocos2d-x-3.9\rgame\cocos2d\cocos\physics/CCPhysicsBody.h : warning C4819: 현재 코드 페이지(949)에서 표시할 수 없는 문자가 파일에 들어 있습니다. 데이터가 손실되지 않게 하려면 해당 파일을 유니코드 형식으로 저장하십시오. (소스 파일 컴파일 중 ..\Classes\GameScene.cpp)
c:\cocos2d-x-3.9\rgame\cocos2d\cocos\physics/CCPhysicsShape.h : warning C4819: 현재 코드 페이지(949)에서 표시할 수 없는 문자가 파일에 들어 있습니다. 데이터가 손실되지 않게 하려면 해당 파일을 유니코드 형식으로 저장하십시오. (소스 파일 컴파일 중 ..\Classes\GameScene.cpp)
c:\cocos2d-x-3.9\rgame\cocos2d\cocos\physics/CCPhysicsBody.h : warning C4819: 현재 코드 페이지(949)에서 표시할 수 없는 문자가 파일에 들어 있습니다. 데이터가 손실되지 않게 하려면 해당 파일을 유니코드 형식으로 저장하십시오. (소스 파일 컴파일 중 ..\Classes\GameMenuScene.cpp)
c:\cocos2d-x-3.9\rgame\cocos2d\cocos\physics/CCPhysicsShape.h : warning C4819: 현재 코드 페이지(949)에서 표시할 수 없는 문자가 파일에 들어 있습니다. 데이터가 손실되지 않게 하려면 해당 파일을 유니코드 형식으로 저장하십시오. (소스 파일 컴파일 중 ..\Classes\GameMenuScene.cpp)
c:\cocos2d-x-3.9\rgame\cocos2d\cocos\platform/CCSAXParser.h : warning C4819: 현재 코드 페이지(949)에서 표시할 수 없는 문자가 파일에 들어 있습니다. 데이터가 손실되지 않게 하려면 해당 파일을 유니코드 형식으로 저장하십시오. (소스 파일 컴파일 중 ..\Classes\HelloWorldScene.cpp)
c:\cocos2d-x-3.9\rgame\cocos2d\cocos\platform/CCSAXParser.h : warning C4819: 현재 코드 페이지(949)에서 표시할 수 없는 문자가 파일에 들어 있습니다. 데이터가 손실되지 않게 하려면 해당 파일을 유니코드 형식으로 저장하십시오. (소스 파일 컴파일 중 ..\Classes\data.cpp)
c:\cocos2d-x-3.9\rgame\cocos2d\cocos\physics/CCPhysicsBody.h : warning C4819: 현재 코드 페이지(949)에서 표시할 수 없는 문자가 파일에 들어 있습니다. 데이터가 손실되지 않게 하려면 해당 파일을 유니코드 형식으로 저장하십시오. (소스 파일 컴파일 중 ..\Classes\AppDelegate.cpp)
c:\cocos2d-x-3.9\rgame\cocos2d\cocos\platform/CCSAXParser.h : warning C4819: 현재 코드 페이지(949)에서 표시할 수 없는 문자가 파일에 들어 있습니다. 데이터가 손실되지 않게 하려면 해당 파일을 유니코드 형식으로 저장하십시오. (소스 파일 컴파일 중 ..\Classes\enemy.cpp)
c:\cocos2d-x-3.9\rgame\cocos2d\cocos\physics/CCPhysicsShape.h : warning C4819: 현재 코드 페이지(949)에서 표시할 수 없는 문자가 파일에 들어 있습니다. 데이터가 손실되지 않게 하려면 해당 파일을 유니코드 형식으로 저장하십시오. (소스 파일 컴파일 중 ..\Classes\AppDelegate.cpp)
c:\cocos2d-x-3.9\rgame\cocos2d\cocos\platform/CCSAXParser.h : warning C4819: 현재 코드 페이지(949)에서 표시할 수 없는 문자가 파일에 들어 있습니다. 데이터가 손실되지 않게 하려면 해당 파일을 유니코드 형식으로 저장하십시오. (소스 파일 컴파일 중 ..\Classes\GB2ShapeCache-x.cpp)
c:\cocos2d-x-3.9\rgame\cocos2d\cocos\platform/CCSAXParser.h : warning C4819: 현재 코드 페이지(949)에서 표시할 수 없는 문자가 파일에 들어 있습니다. 데이터가 손실되지 않게 하려면 해당 파일을 유니코드 형식으로 저장하십시오. (소스 파일 컴파일 중 ..\Classes\loading.cpp)
c:\cocos2d-x-3.9\rgame\cocos2d\cocos\platform/CCSAXParser.h : warning C4819: 현재 코드 페이지(949)에서 표시할 수 없는 문자가 파일에 들어 있습니다. 데이터가 손실되지 않게 하려면 해당 파일을 유니코드 형식으로 저장하십시오. (소스 파일 컴파일 중 ..\Classes\GameScene.cpp)
c:\cocos2d-x-3.9\rgame\cocos2d\cocos\platform/CCSAXParser.h : warning C4819: 현재 코드 페이지(949)에서 표시할 수 없는 문자가 파일에 들어 있습니다. 데이터가 손실되지 않게 하려면 해당 파일을 유니코드 형식으로 저장하십시오. (소스 파일 컴파일 중 ..\Classes\GameMenuScene.cpp)
c:\cocos2d-x-3.9\rgame\cocos2d\cocos\platform/CCSAXParser.h : warning C4819: 현재 코드 페이지(949)에서 표시할 수 없는 문자가 파일에 들어 있습니다. 데이터가 손실되지 않게 하려면 해당 파일을 유니코드 형식으로 저장하십시오. (소스 파일 컴파일 중 ..\Classes\AppDelegate.cpp)
..\Classes\data.cpp(6): warning C4996: 'cocos2d::UserDefault::sharedUserDefault': deprecated로 선언되었습니다.
  c:\cocos2d-x-3.9\rgame\cocos2d\cocos\base/CCUserDefault.h(238): note: 'cocos2d::UserDefault::sharedUserDefault' 선언을 참조하십시오.
..\Classes\data.cpp(12): warning C4996: 'cocos2d::UserDefault::sharedUserDefault': deprecated로 선언되었습니다.
  c:\cocos2d-x-3.9\rgame\cocos2d\cocos\base/CCUserDefault.h(238): note: 'cocos2d::UserDefault::sharedUserDefault' 선언을 참조하십시오.
..\Classes\data.cpp(16): warning C4996: 'cocos2d::UserDefault::sharedUserDefault': deprecated로 선언되었습니다.
  c:\cocos2d-x-3.9\rgame\cocos2d\cocos\base/CCUserDefault.h(238): note: 'cocos2d::UserDefault::sharedUserDefault' 선언을 참조하십시오.
..\Classes\data.cpp(20): warning C4996: 'cocos2d::UserDefault::sharedUserDefault': deprecated로 선언되었습니다.
  c:\cocos2d-x-3.9\rgame\cocos2d\cocos\base/CCUserDefault.h(238): note: 'cocos2d::UserDefault::sharedUserDefault' 선언을 참조하십시오.
c:\cocos2d-x-3.9\rgame\classes\loading.h(25): warning C4996: 'cocos2d::LabelTTF': deprecated로 선언되었습니다. (소스 파일 컴파일 중 ..\Classes\loading.cpp)
  c:\cocos2d-x-3.9\rgame\cocos2d\cocos\2d/CCLabelTTF.h(67): note: 'cocos2d::LabelTTF' 선언을 참조하십시오. (소스 파일 컴파일 중 ..\Classes\loading.cpp)
..\Classes\HelloWorldScene.cpp(78): warning C4996: 'cocos2d::ccp': deprecated로 선언되었습니다.
  c:\cocos2d-x-3.9\rgame\cocos2d\cocos\deprecated/CCDeprecated.h(49): note: 'cocos2d::ccp' 선언을 참조하십시오.
..\Classes\loading.cpp(53): warning C4996: 'cocos2d::LabelTTF::create': deprecated로 선언되었습니다.
  c:\cocos2d-x-3.9\rgame\cocos2d\cocos\2d/CCLabelTTF.h(83): note: 'cocos2d::LabelTTF::create' 선언을 참조하십시오.
..\Classes\loading.cpp(69): warning C4996: 'cocos2d::UserDefault::sharedUserDefault': deprecated로 선언되었습니다.
  c:\cocos2d-x-3.9\rgame\cocos2d\cocos\base/CCUserDefault.h(238): note: 'cocos2d::UserDefault::sharedUserDefault' 선언을 참조하십시오.
..\Classes\loading.cpp(70): warning C4996: 'cocos2d::UserDefault::sharedUserDefault': deprecated로 선언되었습니다.
  c:\cocos2d-x-3.9\rgame\cocos2d\cocos\base/CCUserDefault.h(238): note: 'cocos2d::UserDefault::sharedUserDefault' 선언을 참조하십시오.
..\Classes\loading.cpp(71): warning C4996: 'cocos2d::UserDefault::sharedUserDefault': deprecated로 선언되었습니다.
  c:\cocos2d-x-3.9\rgame\cocos2d\cocos\base/CCUserDefault.h(238): note: 'cocos2d::UserDefault::sharedUserDefault' 선언을 참조하십시오.
..\Classes\loading.cpp(72): warning C4996: 'cocos2d::UserDefault::sharedUserDefault': deprecated로 선언되었습니다.
  c:\cocos2d-x-3.9\rgame\cocos2d\cocos\base/CCUserDefault.h(238): note: 'cocos2d::UserDefault::sharedUserDefault' 선언을 참조하십시오.
..\Classes\loading.cpp(80): warning C4996: 'cocos2d::UserDefault::sharedUserDefault': deprecated로 선언되었습니다.
  c:\cocos2d-x-3.9\rgame\cocos2d\cocos\base/CCUserDefault.h(238): note: 'cocos2d::UserDefault::sharedUserDefault' 선언을 참조하십시오.
..\Classes\loading.cpp(86): warning C4996: 'cocos2d::UserDefault::sharedUserDefault': deprecated로 선언되었습니다.
  c:\cocos2d-x-3.9\rgame\cocos2d\cocos\base/CCUserDefault.h(238): note: 'cocos2d::UserDefault::sharedUserDefault' 선언을 참조하십시오.
..\Classes\loading.cpp(88): warning C4996: 'cocos2d::UserDefault::sharedUserDefault': deprecated로 선언되었습니다.
  c:\cocos2d-x-3.9\rgame\cocos2d\cocos\base/CCUserDefault.h(238): note: 'cocos2d::UserDefault::sharedUserDefault' 선언을 참조하십시오.
..\Classes\loading.cpp(89): warning C4996: 'cocos2d::UserDefault::sharedUserDefault': deprecated로 선언되었습니다.
  c:\cocos2d-x-3.9\rgame\cocos2d\cocos\base/CCUserDefault.h(238): note: 'cocos2d::UserDefault::sharedUserDefault' 선언을 참조하십시오.
..\Classes\loading.cpp(189): warning C4996: 'cocos2d::LabelTTF::setString': deprecated로 선언되었습니다.
  c:\cocos2d-x-3.9\rgame\cocos2d\cocos\2d/CCLabelTTF.h(129): note: 'cocos2d::LabelTTF::setString' 선언을 참조하십시오.
..\Classes\loading.cpp(192): warning C4996: 'cocos2d::Director::sharedDirector': deprecated로 선언되었습니다.
  c:\cocos2d-x-3.9\rgame\cocos2d\cocos\base/CCDirector.h(138): note: 'cocos2d::Director::sharedDirector' 선언을 참조하십시오.
..\Classes\enemy.cpp(25): warning C4800: 'int': 'true' 또는 'false'로 bool 값을 강제하고 있습니다(성능 경고).
..\Classes\GB2ShapeCache-x.cpp(138): warning C4996: 'cocos2d::Dictionary': deprecated로 선언되었습니다.
  c:\cocos2d-x-3.9\rgame\cocos2d\cocos\deprecated/CCDeprecated.h(1039): note: 'cocos2d::Dictionary' 선언을 참조하십시오.
..\Classes\GB2ShapeCache-x.cpp(139): warning C4996: 'cocos2d::String': deprecated로 선언되었습니다.
  c:\cocos2d-x-3.9\rgame\cocos2d\cocos\deprecated/CCDeprecated.h(1051): note: 'cocos2d::String' 선언을 참조하십시오.
..\Classes\GB2ShapeCache-x.cpp(140): warning C4996: 'cocos2d::String': deprecated로 선언되었습니다.
  c:\cocos2d-x-3.9\rgame\cocos2d\cocos\deprecated/CCDeprecated.h(1051): note: 'cocos2d::String' 선언을 참조하십시오.
..\Classes\GB2ShapeCache-x.cpp(143): warning C4996: 'cocos2d::Dictionary': deprecated로 선언되었습니다.
  c:\cocos2d-x-3.9\rgame\cocos2d\cocos\deprecated/CCDeprecated.h(1039): note: 'cocos2d::Dictionary' 선언을 참조하십시오.
..\Classes\GB2ShapeCache-x.cpp(154): warning C4996: 'cocos2d::Dictionary': deprecated로 선언되었습니다.
  c:\cocos2d-x-3.9\rgame\cocos2d\cocos\deprecated/CCDeprecated.h(1039): note: 'cocos2d::Dictionary' 선언을 참조하십시오.
..\Classes\GB2ShapeCache-x.cpp(155): warning C4996: 'cocos2d::String': deprecated로 선언되었습니다.
  c:\cocos2d-x-3.9\rgame\cocos2d\cocos\deprecated/CCDeprecated.h(1051): note: 'cocos2d::String' 선언을 참조하십시오.
..\Classes\GB2ShapeCache-x.cpp(157): warning C4996: 'cocos2d::Array': deprecated로 선언되었습니다.
  c:\cocos2d-x-3.9\rgame\cocos2d\cocos\deprecated/CCDeprecated.h(1037): note: 'cocos2d::Array' 선언을 참조하십시오.
..\Classes\GB2ShapeCache-x.cpp(160): warning C4996: 'cocos2d::Object': deprecated로 선언되었습니다.
  c:\cocos2d-x-3.9\rgame\cocos2d\cocos\deprecated/CCDeprecated.h(539): note: 'cocos2d::Object' 선언을 참조하십시오.
..\Classes\GB2ShapeCache-x.cpp(165): warning C4996: 'cocos2d::Dictionary': deprecated로 선언되었습니다.
  c:\cocos2d-x-3.9\rgame\cocos2d\cocos\deprecated/CCDeprecated.h(1039): note: 'cocos2d::Dictionary' 선언을 참조하십시오.
..\Classes\GB2ShapeCache-x.cpp(168): warning C4996: 'cocos2d::String': deprecated로 선언되었습니다.
  c:\cocos2d-x-3.9\rgame\cocos2d\cocos\deprecated/CCDeprecated.h(1051): note: 'cocos2d::String' 선언을 참조하십시오.
..\Classes\GB2ShapeCache-x.cpp(169): warning C4996: 'cocos2d::String': deprecated로 선언되었습니다.
  c:\cocos2d-x-3.9\rgame\cocos2d\cocos\deprecated/CCDeprecated.h(1051): note: 'cocos2d::String' 선언을 참조하십시오.
..\Classes\GB2ShapeCache-x.cpp(170): warning C4996: 'cocos2d::String': deprecated로 선언되었습니다.
  c:\cocos2d-x-3.9\rgame\cocos2d\cocos\deprecated/CCDeprecated.h(1051): note: 'cocos2d::String' 선언을 참조하십시오.
..\Classes\GB2ShapeCache-x.cpp(171): warning C4996: 'cocos2d::String': deprecated로 선언되었습니다.
  c:\cocos2d-x-3.9\rgame\cocos2d\cocos\deprecated/CCDeprecated.h(1051): note: 'cocos2d::String' 선언을 참조하십시오.
..\Classes\GB2ShapeCache-x.cpp(172): warning C4996: 'cocos2d::String': deprecated로 선언되었습니다.
  c:\cocos2d-x-3.9\rgame\cocos2d\cocos\deprecated/CCDeprecated.h(1051): note: 'cocos2d::String' 선언을 참조하십시오.
..\Classes\GB2ShapeCache-x.cpp(173): warning C4996: 'cocos2d::String': deprecated로 선언되었습니다.
  c:\cocos2d-x-3.9\rgame\cocos2d\cocos\deprecated/CCDeprecated.h(1051): note: 'cocos2d::String' 선언을 참조하십시오.
..\Classes\GB2ShapeCache-x.cpp(174): warning C4996: 'cocos2d::String': deprecated로 선언되었습니다.
  c:\cocos2d-x-3.9\rgame\cocos2d\cocos\deprecated/CCDeprecated.h(1051): note: 'cocos2d::String' 선언을 참조하십시오.
..\Classes\GB2ShapeCache-x.cpp(174): warning C4800: 'int': 'true' 또는 'false'로 bool 값을 강제하고 있습니다(성능 경고).
..\Classes\GB2ShapeCache-x.cpp(176): warning C4996: 'cocos2d::String': deprecated로 선언되었습니다.
  c:\cocos2d-x-3.9\rgame\cocos2d\cocos\deprecated/CCDeprecated.h(1051): note: 'cocos2d::String' 선언을 참조하십시오.
..\Classes\GB2ShapeCache-x.cpp(177): warning C4996: 'cocos2d::String': deprecated로 선언되었습니다.
  c:\cocos2d-x-3.9\rgame\cocos2d\cocos\deprecated/CCDeprecated.h(1051): note: 'cocos2d::String' 선언을 참조하십시오.
..\Classes\GB2ShapeCache-x.cpp(180): warning C4996: 'cocos2d::String': deprecated로 선언되었습니다.
  c:\cocos2d-x-3.9\rgame\cocos2d\cocos\deprecated/CCDeprecated.h(1051): note: 'cocos2d::String' 선언을 참조하십시오.
..\Classes\GB2ShapeCache-x.cpp(185): warning C4996: 'cocos2d::Array': deprecated로 선언되었습니다.
  c:\cocos2d-x-3.9\rgame\cocos2d\cocos\deprecated/CCDeprecated.h(1037): note: 'cocos2d::Array' 선언을 참조하십시오.
..\Classes\GB2ShapeCache-x.cpp(187): warning C4996: 'cocos2d::Object': deprecated로 선언되었습니다.
  c:\cocos2d-x-3.9\rgame\cocos2d\cocos\deprecated/CCDeprecated.h(539): note: 'cocos2d::Object' 선언을 참조하십시오.
c:\cocos2d-x-3.9\rgame\classes\GameScene.h(12): fatal error C1083: 포함 파일을 열 수 없습니다. 'extensions\cocos-ext.h': No such file or directory (소스 파일 컴파일 중 ..\Classes\GameScene.cpp)
..\Classes\GB2ShapeCache-x.cpp(199): warning C4996: 'cocos2d::Array': deprecated로 선언되었습니다.
  c:\cocos2d-x-3.9\rgame\cocos2d\cocos\deprecated/CCDeprecated.h(1037): note: 'cocos2d::Array' 선언을 참조하십시오.
..\Classes\GB2ShapeCache-x.cpp(204): warning C4996: 'cocos2d::Object': deprecated로 선언되었습니다.
  c:\cocos2d-x-3.9\rgame\cocos2d\cocos\deprecated/CCDeprecated.h(539): note: 'cocos2d::Object' 선언을 참조하십시오.
..\Classes\GB2ShapeCache-x.cpp(209): warning C4996: 'cocos2d::String': deprecated로 선언되었습니다.
  c:\cocos2d-x-3.9\rgame\cocos2d\cocos\deprecated/CCDeprecated.h(1051): note: 'cocos2d::String' 선언을 참조하십시오.
..\Classes\GB2ShapeCache-x.cpp(230): warning C4996: 'cocos2d::Dictionary': deprecated로 선언되었습니다.
  c:\cocos2d-x-3.9\rgame\cocos2d\cocos\deprecated/CCDeprecated.h(1039): note: 'cocos2d::Dictionary' 선언을 참조하십시오.
..\Classes\GB2ShapeCache-x.cpp(234): warning C4996: 'cocos2d::String': deprecated로 선언되었습니다.
  c:\cocos2d-x-3.9\rgame\cocos2d\cocos\deprecated/CCDeprecated.h(1051): note: 'cocos2d::String' 선언을 참조하십시오.
..\Classes\GB2ShapeCache-x.cpp(235): warning C4996: 'cocos2d::String': deprecated로 선언되었습니다.
  c:\cocos2d-x-3.9\rgame\cocos2d\cocos\deprecated/CCDeprecated.h(1051): note: 'cocos2d::String' 선언을 참조하십시오.
c:\cocos2d-x-3.9\rgame\classes\GameScene.h(12): fatal error C1083: 포함 파일을 열 수 없습니다. 'extensions\cocos-ext.h': No such file or directory (소스 파일 컴파일 중 ..\Classes\GameMenuScene.cpp)
  mymath.cpp
c:\cocos2d-x-3.9\rgame\classes\GameScene.h(12): fatal error C1083: 포함 파일을 열 수 없습니다. 'extensions\cocos-ext.h': No such file or directory (소스 파일 컴파일 중 ..\Classes\AppDelegate.cpp)
  myray.cpp
  popup.cpp
c:\cocos2d-x-3.9\rgame\cocos2d\cocos\base/ccUTF8.h : warning C4819: 현재 코드 페이지(949)에서 표시할 수 없는 문자가 파일에 들어 있습니다. 데이터가 손실되지 않게 하려면 해당 파일을 유니코드 형식으로 저장하십시오. (소스 파일 컴파일 중 ..\Classes\mymath.cpp)
c:\cocos2d-x-3.9\rgame\cocos2d\cocos\base/ccUTF8.h : warning C4819: 현재 코드 페이지(949)에서 표시할 수 없는 문자가 파일에 들어 있습니다. 데이터가 손실되지 않게 하려면 해당 파일을 유니코드 형식으로 저장하십시오. (소스 파일 컴파일 중 ..\Classes\myray.cpp)
c:\cocos2d-x-3.9\rgame\cocos2d\cocos\base/ccUTF8.h : warning C4819: 현재 코드 페이지(949)에서 표시할 수 없는 문자가 파일에 들어 있습니다. 데이터가 손실되지 않게 하려면 해당 파일을 유니코드 형식으로 저장하십시오. (소스 파일 컴파일 중 ..\Classes\popup.cpp)
c:\cocos2d-x-3.9\rgame\cocos2d\cocos\physics/CCPhysicsBody.h : warning C4819: 현재 코드 페이지(949)에서 표시할 수 없는 문자가 파일에 들어 있습니다. 데이터가 손실되지 않게 하려면 해당 파일을 유니코드 형식으로 저장하십시오. (소스 파일 컴파일 중 ..\Classes\mymath.cpp)
c:\cocos2d-x-3.9\rgame\cocos2d\cocos\physics/CCPhysicsShape.h : warning C4819: 현재 코드 페이지(949)에서 표시할 수 없는 문자가 파일에 들어 있습니다. 데이터가 손실되지 않게 하려면 해당 파일을 유니코드 형식으로 저장하십시오. (소스 파일 컴파일 중 ..\Classes\mymath.cpp)
c:\cocos2d-x-3.9\rgame\cocos2d\cocos\physics/CCPhysicsBody.h : warning C4819: 현재 코드 페이지(949)에서 표시할 수 없는 문자가 파일에 들어 있습니다. 데이터가 손실되지 않게 하려면 해당 파일을 유니코드 형식으로 저장하십시오. (소스 파일 컴파일 중 ..\Classes\myray.cpp)
c:\cocos2d-x-3.9\rgame\cocos2d\cocos\physics/CCPhysicsShape.h : warning C4819: 현재 코드 페이지(949)에서 표시할 수 없는 문자가 파일에 들어 있습니다. 데이터가 손실되지 않게 하려면 해당 파일을 유니코드 형식으로 저장하십시오. (소스 파일 컴파일 중 ..\Classes\myray.cpp)
c:\cocos2d-x-3.9\rgame\cocos2d\cocos\platform/CCSAXParser.h : warning C4819: 현재 코드 페이지(949)에서 표시할 수 없는 문자가 파일에 들어 있습니다. 데이터가 손실되지 않게 하려면 해당 파일을 유니코드 형식으로 저장하십시오. (소스 파일 컴파일 중 ..\Classes\mymath.cpp)
c:\cocos2d-x-3.9\rgame\cocos2d\cocos\physics/CCPhysicsBody.h : warning C4819: 현재 코드 페이지(949)에서 표시할 수 없는 문자가 파일에 들어 있습니다. 데이터가 손실되지 않게 하려면 해당 파일을 유니코드 형식으로 저장하십시오. (소스 파일 컴파일 중 ..\Classes\popup.cpp)
c:\cocos2d-x-3.9\rgame\cocos2d\cocos\physics/CCPhysicsShape.h : warning C4819: 현재 코드 페이지(949)에서 표시할 수 없는 문자가 파일에 들어 있습니다. 데이터가 손실되지 않게 하려면 해당 파일을 유니코드 형식으로 저장하십시오. (소스 파일 컴파일 중 ..\Classes\popup.cpp)
c:\cocos2d-x-3.9\rgame\cocos2d\cocos\platform/CCSAXParser.h : warning C4819: 현재 코드 페이지(949)에서 표시할 수 없는 문자가 파일에 들어 있습니다. 데이터가 손실되지 않게 하려면 해당 파일을 유니코드 형식으로 저장하십시오. (소스 파일 컴파일 중 ..\Classes\myray.cpp)
c:\cocos2d-x-3.9\rgame\cocos2d\cocos\platform/CCSAXParser.h : warning C4819: 현재 코드 페이지(949)에서 표시할 수 없는 문자가 파일에 들어 있습니다. 데이터가 손실되지 않게 하려면 해당 파일을 유니코드 형식으로 저장하십시오. (소스 파일 컴파일 중 ..\Classes\popup.cpp)
  TitleScene.cpp
  main.cpp
..\Classes\mymath.cpp(37): warning C4996: 'cocos2d::ccp': deprecated로 선언되었습니다.
  c:\cocos2d-x-3.9\rgame\cocos2d\cocos\deprecated/CCDeprecated.h(49): note: 'cocos2d::ccp' 선언을 참조하십시오.
c:\cocos2d-x-3.9\rgame\classes\Popup.h(18): warning C4996: 'cocos2d::CCLayerColor': deprecated로 선언되었습니다. (소스 파일 컴파일 중 ..\Classes\popup.cpp)
  c:\cocos2d-x-3.9\rgame\cocos2d\cocos\deprecated/CCDeprecated.h(687): note: 'cocos2d::CCLayerColor' 선언을 참조하십시오. (소스 파일 컴파일 중 ..\Classes\popup.cpp)
c:\cocos2d-x-3.9\rgame\classes\Popup.h(19): warning C4996: 'cocos2d::CCLayerColor': deprecated로 선언되었습니다. (소스 파일 컴파일 중 ..\Classes\popup.cpp)
  c:\cocos2d-x-3.9\rgame\cocos2d\cocos\deprecated/CCDeprecated.h(687): note: 'cocos2d::CCLayerColor' 선언을 참조하십시오. (소스 파일 컴파일 중 ..\Classes\popup.cpp)
..\Classes\myray.cpp(43): warning C4996: 'cocos2d::ccp': deprecated로 선언되었습니다.
  c:\cocos2d-x-3.9\rgame\cocos2d\cocos\deprecated/CCDeprecated.h(49): note: 'cocos2d::ccp' 선언을 참조하십시오.
c:\cocos2d-x-3.9\rgame\classes\GameScene.h(12): fatal error C1083: 포함 파일을 열 수 없습니다. 'extensions\cocos-ext.h': No such file or directory (소스 파일 컴파일 중 ..\Classes\popup.cpp)
c:\cocos2d-x-3.9\rgame\cocos2d\cocos\base/ccUTF8.h : warning C4819: 현재 코드 페이지(949)에서 표시할 수 없는 문자가 파일에 들어 있습니다. 데이터가 손실되지 않게 하려면 해당 파일을 유니코드 형식으로 저장하십시오. (소스 파일 컴파일 중 main.cpp)
c:\cocos2d-x-3.9\rgame\cocos2d\cocos\base/ccUTF8.h : warning C4819: 현재 코드 페이지(949)에서 표시할 수 없는 문자가 파일에 들어 있습니다. 데이터가 손실되지 않게 하려면 해당 파일을 유니코드 형식으로 저장하십시오. (소스 파일 컴파일 중 ..\Classes\TitleScene.cpp)
c:\cocos2d-x-3.9\rgame\cocos2d\cocos\physics/CCPhysicsBody.h : warning C4819: 현재 코드 페이지(949)에서 표시할 수 없는 문자가 파일에 들어 있습니다. 데이터가 손실되지 않게 하려면 해당 파일을 유니코드 형식으로 저장하십시오. (소스 파일 컴파일 중 main.cpp)
c:\cocos2d-x-3.9\rgame\cocos2d\cocos\physics/CCPhysicsShape.h : warning C4819: 현재 코드 페이지(949)에서 표시할 수 없는 문자가 파일에 들어 있습니다. 데이터가 손실되지 않게 하려면 해당 파일을 유니코드 형식으로 저장하십시오. (소스 파일 컴파일 중 main.cpp)
c:\cocos2d-x-3.9\rgame\cocos2d\cocos\platform/CCSAXParser.h : warning C4819: 현재 코드 페이지(949)에서 표시할 수 없는 문자가 파일에 들어 있습니다. 데이터가 손실되지 않게 하려면 해당 파일을 유니코드 형식으로 저장하십시오. (소스 파일 컴파일 중 main.cpp)
c:\cocos2d-x-3.9\rgame\cocos2d\cocos\physics/CCPhysicsBody.h : warning C4819: 현재 코드 페이지(949)에서 표시할 수 없는 문자가 파일에 들어 있습니다. 데이터가 손실되지 않게 하려면 해당 파일을 유니코드 형식으로 저장하십시오. (소스 파일 컴파일 중 ..\Classes\TitleScene.cpp)
c:\cocos2d-x-3.9\rgame\cocos2d\cocos\physics/CCPhysicsShape.h : warning C4819: 현재 코드 페이지(949)에서 표시할 수 없는 문자가 파일에 들어 있습니다. 데이터가 손실되지 않게 하려면 해당 파일을 유니코드 형식으로 저장하십시오. (소스 파일 컴파일 중 ..\Classes\TitleScene.cpp)
c:\cocos2d-x-3.9\rgame\cocos2d\cocos\platform/CCSAXParser.h : warning C4819: 현재 코드 페이지(949)에서 표시할 수 없는 문자가 파일에 들어 있습니다. 데이터가 손실되지 않게 하려면 해당 파일을 유니코드 형식으로 저장하십시오. (소스 파일 컴파일 중 ..\Classes\TitleScene.cpp)
c:\cocos2d-x-3.9\rgame\cocos2d\extensions\gui\cccontrolextension\CCControlUtils.h(39): fatal error C1083: 포함 파일을 열 수 없습니다. 'extensions/ExtensionExport.h': No such file or directory (소스 파일 컴파일 중 ..\Classes\TitleScene.cpp)
